2019-08-08 14:50:32,843:INFO: Start training
2019-08-08 15:02:02,543:INFO: Start training
2019-08-08 15:04:10,711:INFO: Start training
2019-08-08 15:21:08,362:INFO: Start training
2019-08-08 15:32:14,818:INFO: Start training
2019-08-08 17:10:42,205:INFO: Start generating devices for wavelength
2019-08-08 17:10:42,219:INFO: Generation is done. 

2019-08-08 17:15:52,115:INFO: Model data loaded
2019-08-08 17:15:52,124:INFO: Start generating devices for wavelength
2019-08-08 17:15:52,138:INFO: Generation is done. 

2019-08-08 17:16:42,467:INFO: Model data loaded
2019-08-08 17:16:42,471:INFO: Start generating devices for wavelength
2019-08-08 17:16:42,484:INFO: Generation is done. 

2019-08-08 17:18:19,348:INFO: Model data loaded
2019-08-08 17:18:19,351:INFO: Start training
2019-08-08 17:18:19,486:INFO: Start generating devices for wavelength
2019-08-08 17:18:19,501:INFO: Generation is done. 

2019-08-08 17:20:30,342:INFO: Model data loaded
2019-08-08 17:20:30,347:INFO: Start generating devices for wavelength
2019-08-08 17:20:35,293:INFO: Generation is done. 

2019-08-08 17:21:41,195:INFO: Model data loaded
2019-08-08 17:21:51,020:INFO: Start generating devices for wavelength
2019-08-08 17:22:21,116:INFO: Generation is done. 

2019-08-08 17:28:03,988:INFO: Model data loaded
2019-08-08 17:28:03,992:INFO: Start generating devices for wavelength
2019-08-08 17:28:04,006:INFO: Generation is done. 

2019-08-08 17:29:17,173:INFO: Model data loaded
2019-08-08 17:29:17,179:INFO: Start generating devices for wavelength
2019-08-08 17:29:17,190:INFO: Generation is done. 

2019-08-08 17:39:48,504:INFO: Generation is done. 

2019-08-08 17:42:29,984:INFO: Evaluation starts. 

2019-08-08 17:43:30,836:INFO: Test starts. 

